2023-06-19 05:42:44:root:GRANT PERMISSION database1 INTO arda;;
2023-06-19 05:42:57:root::exit;
2023-06-19 05:43:04:arda:USE database1;;
2023-06-19 05:43:09:arda:USE database2;;
2023-06-19 05:43:14:arda::exit;
2023-06-19 05:46:47:arda:USE database1;;
2023-06-19 05:47:01:arda:DROP COLUMN kolom2 FROM amotable232;;
2023-06-19 05:48:03:arda::exit;
2023-06-19 05:48:14:arda:USE database1;;
2023-06-19 05:48:27:arda:DROP COLUMN kolom3 FROM amotable232;;
2023-06-19 05:53:25:arda::exit;
2023-06-19 05:54:09:root:DROP COLUMN kolom3 FROM amotable232;;
2023-06-19 05:54:18:root:USE database3;;
2023-06-19 05:54:26:root:DROP COLUMN kolom3 FROM amotable232;;
2023-06-19 05:55:15:root::exit;
2023-06-19 05:55:27:root:USE database3;;
2023-06-19 05:55:32:root:DROP COLUMN kolom3 FROM amotable232;;
2023-06-19 05:56:00:root::exit;
2023-06-19 05:56:08:root:USE database3;;
2023-06-19 05:56:13:root:DROP COLUMN kolom3 FROM amotable232;;
2023-06-19 06:00:54:root:USE database3;;
2023-06-19 06:00:59:root:DROP COLUMN kolom3 FROM amotable232;;
2023-06-19 06:01:13:root:DROP COLUMN kolom2 FROM amotable232;;
2023-06-19 06:01:25:root::exit;
2023-06-19 06:02:05:root:CREATE USER Emu IDENTIFIED BY root;;
2023-06-19 06:02:30:root:GRANT PERMISSION database3 INTO Emu;;
2023-06-19 06:02:47:root:USE database3;;
2023-06-19 06:02:53:root:CREATE TABLE amotable;
2023-06-19 06:03:07:root::exit;
2023-06-19 06:03:32:Emu:USE database1;;
2023-06-19 06:03:37:Emu:USE database3;;
2023-06-19 06:03:45:Emu:CREATE TABLE amotable2;;
2023-06-19 06:04:04:Emu:DROP COLUMN kolom3 FROM table3232;;
2023-06-19 06:04:12:Emu:DROP TABLE AMOTABLE;;
2023-06-19 06:04:18:Emu:DROP TABLE amotable;;
2023-06-19 06:04:51:Emu:CREATE DATABASE EmuDB;;
2023-06-19 06:05:13:Emu:USE EmuDB;;
2023-06-19 06:05:15:Emu:CREATE TABLE table1 (kolom1 string, kolom2 int, kolom3 string, kolom4 int);;
2023-06-19 06:05:27:Emu:DROP DATABASE EmuDB;;
2023-06-19 06:05:44:Emu::exit;
2023-06-19 06:08:14:Emu:USE database3;;
2023-06-19 06:08:19:Emu:CREATE TABLE amotable;;
2023-06-19 06:08:26:Emu:DROP TABLE amotable;;
2023-06-19 06:11:20:Emu::exit;
2023-06-19 06:11:34:Emu:USE database3;;
2023-06-19 06:11:39:Emu:CREATE TABLE WXS;;
2023-06-19 06:12:22:Emu::exit;
2023-06-19 06:12:35:Emu:USE database3;;
2023-06-19 06:12:40:Emu:DROP TABLE WXS;;
2023-06-19 06:12:55:Emu::exit;
2023-06-19 06:28:04:Emu::exit;
2023-06-19 06:28:37:root:CREATE USER Nene IDENTIFIED BY root;;
2023-06-19 06:28:58:root:GRANT PERMISSION database3 INTO Nene;;
2023-06-19 06:29:12:root:USE database3;;
2023-06-19 06:29:25:root:CREATE DATABASE TEST1;;
2023-06-19 06:29:31:root:USE TEST1;;
2023-06-19 06:29:40:root:CREATE TABLE TEST;;
2023-06-19 06:30:01:root:CREATE TABLE table2 (kolom1 string, kolom2 int, kolom3 string, kolom4 int);;
2023-06-19 06:30:17:root:DROP COLUMN kolom1 FROM table2;;
2023-06-19 06:30:27:root::exit;
2023-06-19 06:30:47:Nene:USE database3;;
2023-06-19 06:31:01:Nene:CREATE DATABASE WXS;;
2023-06-19 06:31:06:Nene:USE WXS;;
2023-06-19 06:31:12:Nene:CREATE TABLE table2 (kolom1 string, kolom2 int, kolom3 string, kolom4 int);;
2023-06-19 06:31:32:Nene:DROP COLUMN kolom1 FROM table2;;
2023-06-19 06:31:38:Nene:USE database2;;
2023-06-19 06:40:33:Nene::exit;
2023-06-19 06:41:01:Nene:USE database3;;
2023-06-19 06:41:25:Nene:CREATE TABLE1;
2023-06-19 06:41:58:Nene:USE database3;;
2023-06-19 06:42:01:Nene:CREATE TABLE table1;;
2023-06-19 06:42:07:Nene:INSERT INTO table1 (‘value1’, 2, ‘value3’, 4);;
2023-06-19 06:46:41:Nene:USE database3;;
2023-06-19 06:46:49:Nene:CREATE TABLE table2 (kolom1 string, kolom2 int, kolom3 string, kolom4 int);;
2023-06-19 06:47:36:Nene::exit;
2023-06-19 06:47:47:Nene:USE database3;;
2023-06-19 06:47:49:Nene:CREATE TABLE table2 (kolom1 string, kolom2 int, kolom3 string, kolom4 int);;
2023-06-19 06:48:22:Nene::exit;
2023-06-19 06:49:20:Nene:CREATE TABLE table2 (kolom1 string, kolom2 int, kolom3 string, kolom4 int);;
2023-06-19 06:49:25:Nene:USE database3;;
2023-06-19 06:49:28:Nene:CREATE TABLE table2 (kolom1 string, kolom2 int, kolom3 string, kolom4 int);;
2023-06-19 06:50:07:Nene:INSERT INTO table1 (‘value1’, 2, ‘value3’, 4);;
2023-06-19 06:50:25:Nene:INSERT INTO table2 (‘value1’, 2, ‘value3’, 4);;
2023-06-19 06:52:05:Nene:INSERT INTO table2 ('value1', "Amo", 'value2', 2,'value3', "Gus",  'value4', 4);;
2023-06-19 06:52:24:Nene:INSERT INTO table2 ('value1', "Amo", 'value2', 2,'value3', "Gus",  'value4', 4);;
2023-06-19 06:52:32:Nene::exit;
